<?xml version="1.0" encoding="UTF-8" standalone="no"?><testsuite errors="0" failures="2" name="Bijwerken van de voorraad na een verkoop" skipped="0" tests="5" time="0.32" timestamp="2024-11-27 10:26:47"><testcase name="Het systeem toont de voorraad en pijlers voor een autosoort binnen de limieten"/><testcase name="Het systeem geeft een melding bij voorraad tussen de minimum- en maximumdrempel"/><testcase name="Het systeem accepteert geen minimumdrempel lager dan 3 voor de voorraad"/><testcase name="Het systeem stuurt een melding naar de voorraadinkoper wanneer de voorraad onder de minimumdrempel ligt"><failure message="De melding is niet zoals verwacht expected:&lt;[De voorraad ligt onder de minimumpei]ler&gt; but was:&lt;[Voorraad ligt tussen de minimum- en maximumpij]ler&gt;" type="java.lang.AssertionError">De melding is niet zoals verwacht expected:&lt;[De voorraad ligt onder de minimumpei]ler&gt; but was:&lt;[Voorraad ligt tussen de minimum- en maximumpij]ler&gt;</failure><system-err>De melding is niet zoals verwacht expected:&lt;[De voorraad ligt onder de minimumpei]ler&gt; but was:&lt;[Voorraad ligt tussen de minimum- en maximumpij]ler&gt;&#13;
be.odisee.brainstormOnderwerp.acceptancetests.steps.VoorraadStepDefinitions.systeem_geeft_melding(VoorraadStepDefinitions.java:42)&#13;
✽.geeft het systeem de melding "De voorraad ligt onder de minimumpeiler"(file:///C:/Users/32488/Desktop/Github/Beerens/BrainstormOnderwerpCucumberV3/src/test/resources/features/brainstorm-onderwerp-veranderen.feature:29)&#13;
</system-err></testcase><testcase name="Het systeem geeft een melding bij te hoge voorraad"><failure message="De melding is niet zoals verwacht expected:&lt;[De voorraad overschrijdt de maximumdrempel]&gt; but was:&lt;[Voorraad ligt tussen de minimum- en maximumpijler]&gt;" type="java.lang.AssertionError">De melding is niet zoals verwacht expected:&lt;[De voorraad overschrijdt de maximumdrempel]&gt; but was:&lt;[Voorraad ligt tussen de minimum- en maximumpijler]&gt;</failure><system-err>De melding is niet zoals verwacht expected:&lt;[De voorraad overschrijdt de maximumdrempel]&gt; but was:&lt;[Voorraad ligt tussen de minimum- en maximumpijler]&gt;&#13;
be.odisee.brainstormOnderwerp.acceptancetests.steps.VoorraadStepDefinitions.systeem_geeft_melding(VoorraadStepDefinitions.java:42)&#13;
✽.geeft het systeem de melding "De voorraad overschrijdt de maximumdrempel"(file:///C:/Users/32488/Desktop/Github/Beerens/BrainstormOnderwerpCucumberV3/src/test/resources/features/brainstorm-onderwerp-veranderen.feature:35)&#13;
</system-err></testcase></testsuite>