<?xml version="1.0" encoding="UTF-8" standalone="no"?><testsuite errors="0" failures="0" name="Het onderwerp van de brainstorm veranderen" skipped="0" tests="4" time="0.27" timestamp="2024-11-26 07:32:54"><testcase name="De brainstorm kan starten met het eerste onderwerp"/><testcase name="Het onderwerp van de brainstorm kan een eerste keer veranderen"/><testcase name="Het onderwerp van de brainstorm kan een tweede keer veranderen"/><testcase name="Het onderwerp van de brainstorm kan een derde en volgende keer veranderen"/></testsuite>